<?xml version="1.0" encoding="UTF-8"?>
<!-- Generated by org.testng.reporters.JUnitXMLReporter -->
<testsuite ignored="0" hostname="DESKTOP-INN2MDM" failures="0" tests="1" name="Test" time="8.017" errors="0" timestamp="2024-09-27T10:21:35 IST">
  <testcase classname="org.Petofy.runntvBaseClass" name="@BeforeClass runntvCode" time="7.952">
    <failure type="org.openqa.selenium.SessionNotCreatedException" message="Could not start a new session. Response code 500. Message: A new session could not be created. Details: io.appium.uiautomator2.common.exceptions.UiAutomator2Exception: Cannot invoke method android.app.UiAutomation androidx.test.uiautomator.UiDevice.getUiAutomation() on object androidx.test.uiautomator.UiDevice@77a6be3 with parameters [] 
Host info: host: &amp;apos;DESKTOP-INN2MDM&amp;apos;, ip: &amp;apos;192.168.1.34&amp;apos;
Build info: version: &amp;apos;4.25.0&amp;apos;, revision: &amp;apos;8a8aea2337&amp;apos;
System info: os.name: &amp;apos;Windows 11&amp;apos;, os.arch: &amp;apos;amd64&amp;apos;, os.version: &amp;apos;10.0&amp;apos;, java.version: &amp;apos;22.0.1&amp;apos;
Driver info: io.appium.java_client.android.AndroidDriver
Command: [null, newSession {capabilities=[Capabilities {appium:app: C:\Users\cyno\OneDrive\runn..., appium:automationName: UIAutomator2, appium:deviceName: Gautam, platformName: ANDROID}]}]
Capabilities {appium:app: C:\Users\cyno\OneDrive\runn..., appium:automationName: UIAutomator2, appium:deviceName: Gautam, platformName: ANDROID}">
      <![CDATA[org.openqa.selenium.SessionNotCreatedException: Could not start a new session. Response code 500. Message: A new session could not be created. Details: io.appium.uiautomator2.common.exceptions.UiAutomator2Exception: Cannot invoke method android.app.UiAutomation androidx.test.uiautomator.UiDevice.getUiAutomation() on object androidx.test.uiautomator.UiDevice@77a6be3 with parameters [] 
Host info: host: 'DESKTOP-INN2MDM', ip: '192.168.1.34'
Build info: version: '4.25.0', revision: '8a8aea2337'
System info: os.name: 'Windows 11', os.arch: 'amd64', os.version: '10.0', java.version: '22.0.1'
Driver info: io.appium.java_client.android.AndroidDriver
Command: [null, newSession {capabilities=[Capabilities {appium:app: C:\Users\cyno\OneDrive\runn..., appium:automationName: UIAutomator2, appium:deviceName: Gautam, platformName: ANDROID}]}]
Capabilities {appium:app: C:\Users\cyno\OneDrive\runn..., appium:automationName: UIAutomator2, appium:deviceName: Gautam, platformName: ANDROID}
at org.openqa.selenium.remote.ProtocolHandshake.createSession(ProtocolHandshake.java:114)
at org.openqa.selenium.remote.ProtocolHandshake.createSession(ProtocolHandshake.java:75)
at org.openqa.selenium.remote.ProtocolHandshake.createSession(ProtocolHandshake.java:61)
at io.appium.java_client.remote.AppiumCommandExecutor.createSession(AppiumCommandExecutor.java:176)
at io.appium.java_client.remote.AppiumCommandExecutor.execute(AppiumCommandExecutor.java:237)
at org.openqa.selenium.remote.RemoteWebDriver.execute(RemoteWebDriver.java:545)
at io.appium.java_client.AppiumDriver.startSession(AppiumDriver.java:270)
at org.openqa.selenium.remote.RemoteWebDriver.<init>(RemoteWebDriver.java:174)
at io.appium.java_client.AppiumDriver.<init>(AppiumDriver.java:91)
at io.appium.java_client.AppiumDriver.<init>(AppiumDriver.java:103)
at io.appium.java_client.android.AndroidDriver.<init>(AndroidDriver.java:109)
at org.Petofy.runntvBaseClass.runntvCode(runntvBaseClass.java:39)
at java.base/java.util.ArrayList.forEach(ArrayList.java:1597)
... Removed 23 stack frames]]>
    </failure>
  </testcase> <!-- @BeforeClass runntvCode -->
  <testcase classname="org.Petofy.runntvBaseClass" name="@AfterClass teardown" time="0.0">
    <skipped/>
  </testcase> <!-- @AfterClass teardown -->
  <testcase classname="org.Petofy.petofyRun" name="petofyTest" time="0.0">
    <skipped/>
  </testcase> <!-- petofyTest -->
</testsuite> <!-- Test -->
